<?xml version="1.0" encoding="UTF-8"?>
<testsuite name="com.minimumgapalgorithm.MinimumGapAlgorithmTest" tests="8" skipped="0" failures="0" errors="0" timestamp="2023-12-05T10:54:14" hostname="m1air" time="0.022">
  <properties/>
  <testcase name="testWithNegativeAndPositiveNumbers()" classname="com.minimumgapalgorithm.MinimumGapAlgorithmTest" time="0.018"/>
  <testcase name="testWithLargeNumbers()" classname="com.minimumgapalgorithm.MinimumGapAlgorithmTest" time="0.001"/>
  <testcase name="testWithNumbersInOrder()" classname="com.minimumgapalgorithm.MinimumGapAlgorithmTest" time="0.001"/>
  <testcase name="testWithNumbersOutOfOrder()" classname="com.minimumgapalgorithm.MinimumGapAlgorithmTest" time="0.0"/>
  <testcase name="testWithSingleElement()" classname="com.minimumgapalgorithm.MinimumGapAlgorithmTest" time="0.0"/>
  <testcase name="testWithNoGaps()" classname="com.minimumgapalgorithm.MinimumGapAlgorithmTest" time="0.0"/>
  <testcase name="testWithDuplicateNumbers()" classname="com.minimumgapalgorithm.MinimumGapAlgorithmTest" time="0.0"/>
  <testcase name="testWithEqualLengthGaps()" classname="com.minimumgapalgorithm.MinimumGapAlgorithmTest" time="0.0"/>
  <system-out><![CDATA[]]></system-out>
  <system-err><![CDATA[]]></system-err>
</testsuite>
