<?xml version="1.0" encoding="UTF-8"?>
<testsuite name="com.populationregistry.business.PersonTest" tests="6" skipped="0" failures="0" errors="0" timestamp="2023-12-05T08:29:12" hostname="m1air" time="0.038">
  <properties/>
  <testcase name="getName_ShouldReturnCorrectName()" classname="com.populationregistry.business.PersonTest" time="0.012"/>
  <testcase name="getPersonalIdentificationNumber_ShouldReturnCorrectNumber()" classname="com.populationregistry.business.PersonTest" time="0.0"/>
  <testcase name="toString_ShouldReturnExpectedString()" classname="com.populationregistry.business.PersonTest" time="0.021"/>
  <testcase name="getCitizenships_ShouldReturnListOfCitizenships()" classname="com.populationregistry.business.PersonTest" time="0.001"/>
  <testcase name="setName_ShouldUpdateName()" classname="com.populationregistry.business.PersonTest" time="0.001"/>
  <testcase name="getAddress_ShouldReturnCorrectAddress()" classname="com.populationregistry.business.PersonTest" time="0.0"/>
  <system-out><![CDATA[]]></system-out>
  <system-err><![CDATA[]]></system-err>
</testsuite>
